Flow report for divgmx_ep4ce10e22c8n
Wed Dec 24 16:41:45 2025
Quartus II 64-Bit Version 13.0.1 Build 232 06/12/2013 Service Pack 1 SJ Web Edition


---------------------
; Table of Contents ;
---------------------
  1. Legal Notice
  2. Flow Summary
  3. Flow Settings
  4. Flow Non-Default Global Settings
  5. Flow Elapsed Time
  6. Flow OS Summary
  7. Flow Log
  8. Flow Messages
  9. Flow Suppressed Messages



----------------
; Legal Notice ;
----------------
Copyright (C) 1991-2013 Altera Corporation
Your use of Altera Corporation's design tools, logic functions 
and other software and tools, and its AMPP partner logic 
functions, and any output files from any of the foregoing 
(including device programming or simulation files), and any 
associated documentation or information are expressly subject 
to the terms and conditions of the Altera Program License 
Subscription Agreement, Altera MegaCore Function License 
Agreement, or other applicable license agreement, including, 
without limitation, that your use is for the sole purpose of 
programming logic devices manufactured by Altera and sold by 
Altera or its authorized distributors.  Please refer to the 
applicable agreement for further details.



+--------------------------------------------------------------------------------------+
; Flow Summary                                                                         ;
+------------------------------------+-------------------------------------------------+
; Flow Status                        ; Successful - Wed Dec 24 16:41:27 2025           ;
; Quartus II 64-Bit Version          ; 13.0.1 Build 232 06/12/2013 SP 1 SJ Web Edition ;
; Revision Name                      ; divgmx_ep4ce10e22c8n                            ;
; Top-level Entity Name              ; basic                                           ;
; Family                             ; Cyclone IV E                                    ;
; Device                             ; EP4CE10E22C8                                    ;
; Timing Models                      ; Final                                           ;
; Total logic elements               ; 4,560 / 10,320 ( 44 % )                         ;
;     Total combinational functions  ; 4,216 / 10,320 ( 41 % )                         ;
;     Dedicated logic registers      ; 1,400 / 10,320 ( 14 % )                         ;
; Total registers                    ; 1416                                            ;
; Total pins                         ; 77 / 92 ( 84 % )                                ;
; Total virtual pins                 ; 0                                               ;
; Total memory bits                  ; 368,838 / 423,936 ( 87 % )                      ;
; Embedded Multiplier 9-bit elements ; 0 / 46 ( 0 % )                                  ;
; Total PLLs                         ; 2 / 2 ( 100 % )                                 ;
+------------------------------------+-------------------------------------------------+


+------------------------------------------+
; Flow Settings                            ;
+-------------------+----------------------+
; Option            ; Setting              ;
+-------------------+----------------------+
; Start date & time ; 12/24/2025 16:38:56  ;
; Main task         ; Compilation          ;
; Revision Name     ; divgmx_ep4ce10e22c8n ;
+-------------------+----------------------+


+-------------------------------------------------------------------------------------------------------------------------------+
; Flow Non-Default Global Settings                                                                                              ;
+-------------------------------------+---------------------------------------+----------------------+-------------+------------+
; Assignment Name                     ; Value                                 ; Default Value        ; Entity Name ; Section Id ;
+-------------------------------------+---------------------------------------+----------------------+-------------+------------+
; COMPILER_SIGNATURE_ID               ; 110162958948835.176658353512904       ; --                   ; --          ; --         ;
; IP_TOOL_NAME                        ; ALTPLL                                ; --                   ; --          ; --         ;
; IP_TOOL_NAME                        ; RAM: 2-PORT                           ; --                   ; --          ; --         ;
; IP_TOOL_NAME                        ; ROM: 1-PORT                           ; --                   ; --          ; --         ;
; IP_TOOL_NAME                        ; RAM: 2-PORT                           ; --                   ; --          ; --         ;
; IP_TOOL_NAME                        ; ALTPLL                                ; --                   ; --          ; --         ;
; IP_TOOL_NAME                        ; RAM: 2-PORT                           ; --                   ; --          ; --         ;
; IP_TOOL_VERSION                     ; 13.0                                  ; --                   ; --          ; --         ;
; IP_TOOL_VERSION                     ; 13.0                                  ; --                   ; --          ; --         ;
; IP_TOOL_VERSION                     ; 13.0                                  ; --                   ; --          ; --         ;
; IP_TOOL_VERSION                     ; 13.0                                  ; --                   ; --          ; --         ;
; IP_TOOL_VERSION                     ; 13.0                                  ; --                   ; --          ; --         ;
; IP_TOOL_VERSION                     ; 13.0                                  ; --                   ; --          ; --         ;
; MAX_CORE_JUNCTION_TEMP              ; 85                                    ; --                   ; --          ; --         ;
; MIN_CORE_JUNCTION_TEMP              ; 0                                     ; --                   ; --          ; --         ;
; MISC_FILE                           ; ../rtl/pll/ep4/altpll0.ppf            ; --                   ; --          ; --         ;
; MISC_FILE                           ; ../rtl/pll/ep4/altpll1.ppf            ; --                   ; --          ; --         ;
; MISC_FILE                           ; vram_escr.cmp                         ; --                   ; --          ; --         ;
; OUTPUT_IO_TIMING_FAR_END_VMEAS      ; Half Signal Swing                     ; --                   ; --          ; --         ;
; OUTPUT_IO_TIMING_FAR_END_VMEAS      ; Half Signal Swing                     ; --                   ; --          ; --         ;
; OUTPUT_IO_TIMING_NEAR_END_VMEAS     ; Half Vccio                            ; --                   ; --          ; --         ;
; OUTPUT_IO_TIMING_NEAR_END_VMEAS     ; Half Vccio                            ; --                   ; --          ; --         ;
; PARTITION_COLOR                     ; 16764057                              ; --                   ; basic       ; Top        ;
; PARTITION_FITTER_PRESERVATION_LEVEL ; PLACEMENT_AND_ROUTING                 ; --                   ; basic       ; Top        ;
; PARTITION_NETLIST_TYPE              ; SOURCE                                ; --                   ; basic       ; Top        ;
; POWER_BOARD_THERMAL_MODEL           ; None (CONSERVATIVE)                   ; --                   ; --          ; --         ;
; POWER_PRESET_COOLING_SOLUTION       ; 23 MM HEAT SINK WITH 200 LFPM AIRFLOW ; --                   ; --          ; --         ;
; PROJECT_OUTPUT_DIRECTORY            ; output_files                          ; --                   ; --          ; --         ;
; TOP_LEVEL_ENTITY                    ; basic                                 ; divgmx_ep4ce10e22c8n ; --          ; --         ;
+-------------------------------------+---------------------------------------+----------------------+-------------+------------+


+-------------------------------------------------------------------------------------------------------------------------------+
; Flow Elapsed Time                                                                                                             ;
+---------------------------+--------------+-------------------------+---------------------+------------------------------------+
; Module Name               ; Elapsed Time ; Average Processors Used ; Peak Virtual Memory ; Total CPU Time (on all processors) ;
+---------------------------+--------------+-------------------------+---------------------+------------------------------------+
; Analysis & Synthesis      ; 00:01:01     ; 1.0                     ; 4709 MB             ; 00:00:59                           ;
; Fitter                    ; 00:01:21     ; 1.0                     ; 4895 MB             ; 00:01:20                           ;
; Assembler                 ; 00:00:03     ; 1.0                     ; 4547 MB             ; 00:00:02                           ;
; TimeQuest Timing Analyzer ; 00:00:17     ; 1.0                     ; 4679 MB             ; 00:00:16                           ;
; Total                     ; 00:02:42     ; --                      ; --                  ; 00:02:37                           ;
+---------------------------+--------------+-------------------------+---------------------+------------------------------------+


+----------------------------------------------------------------------------------------+
; Flow OS Summary                                                                        ;
+---------------------------+------------------+-----------+------------+----------------+
; Module Name               ; Machine Hostname ; OS Name   ; OS Version ; Processor type ;
+---------------------------+------------------+-----------+------------+----------------+
; Analysis & Synthesis      ; PC5              ; Windows 7 ; 6.2        ; x86_64         ;
; Fitter                    ; PC5              ; Windows 7 ; 6.2        ; x86_64         ;
; Assembler                 ; PC5              ; Windows 7 ; 6.2        ; x86_64         ;
; TimeQuest Timing Analyzer ; PC5              ; Windows 7 ; 6.2        ; x86_64         ;
+---------------------------+------------------+-----------+------------+----------------+


------------
; Flow Log ;
------------
quartus_map --read_settings_files=on --write_settings_files=off divgmx_ep4ce10e22c8n -c divgmx_ep4ce10e22c8n
quartus_fit --read_settings_files=off --write_settings_files=off divgmx_ep4ce10e22c8n -c divgmx_ep4ce10e22c8n
quartus_asm --read_settings_files=off --write_settings_files=off divgmx_ep4ce10e22c8n -c divgmx_ep4ce10e22c8n
quartus_sta divgmx_ep4ce10e22c8n -c divgmx_ep4ce10e22c8n



